0 info it worked if it ends with ok
1 verbose cli [ '/usr/bin/nodejs', '/usr/bin/npm', 'publish' ]
2 info using npm@3.10.3
3 info using node@v6.7.0
4 verbose publish [ '.' ]
5 silly cache add args [ '.', null ]
6 verbose cache add spec .
7 silly cache add parsed spec Result {
7 silly cache add   raw: '.',
7 silly cache add   scope: null,
7 silly cache add   escapedName: null,
7 silly cache add   name: null,
7 silly cache add   rawSpec: '.',
7 silly cache add   spec: '/home/gergi30/react-pricing-table',
7 silly cache add   type: 'directory' }
8 verbose addLocalDirectory /home/gergi30/.npm/react-pricing-table/0.0.1/package.tgz not in flight; packing
9 verbose correctMkdir /home/gergi30/.npm correctMkdir not in flight; initializing
10 info lifecycle react-pricing-table@0.0.1~prepublish: react-pricing-table@0.0.1
11 silly lifecycle react-pricing-table@0.0.1~prepublish: no script for prepublish, continuing
12 verbose tar pack [ '/home/gergi30/.npm/react-pricing-table/0.0.1/package.tgz',
12 verbose tar pack   '/home/gergi30/react-pricing-table' ]
13 verbose tarball /home/gergi30/.npm/react-pricing-table/0.0.1/package.tgz
14 verbose folder /home/gergi30/react-pricing-table
15 verbose addLocalTarball adding from inside cache /home/gergi30/.npm/react-pricing-table/0.0.1/package.tgz
16 verbose correctMkdir /home/gergi30/.npm correctMkdir not in flight; initializing
17 silly cache afterAdd react-pricing-table@0.0.1
18 verbose afterAdd /home/gergi30/.npm/react-pricing-table/0.0.1/package/package.json not in flight; writing
19 verbose correctMkdir /home/gergi30/.npm correctMkdir not in flight; initializing
20 verbose afterAdd /home/gergi30/.npm/react-pricing-table/0.0.1/package/package.json written
21 silly publish { name: 'react-pricing-table',
21 silly publish   version: '0.0.1',
21 silly publish   description: 'Fast, flexible, simple pricing tables in React',
21 silly publish   repository:
21 silly publish    { type: 'git',
21 silly publish      url: 'git+https://github.com/gergely-nagy/react-pricing-table.git' },
21 silly publish   bugs: { url: 'https://github.com/gergely-nagy/react-pricing-table/issues' },
21 silly publish   author: { name: 'Gergely Nagy' },
21 silly publish   license: 'MIT',
21 silly publish   homepage: 'https://github.com/',
21 silly publish   scripts:
21 silly publish    { build: 'webpack --config webpack.config.babel.js',
21 silly publish      release: 'webpack --p --config webpack.config.babel.js',
21 silly publish      test: 'jest',
21 silly publish      coverage: 'jest --coverage',
21 silly publish      deploy: '',
21 silly publish      lint: 'eslint ./src',
21 silly publish      'build-examples': 'webpack --config examples/webpack.config.babel.js --progress',
21 silly publish      start: 'webpack-dev-server --config examples/webpack.config.live.babel.js' },
21 silly publish   peerDependencies:
21 silly publish    { react: '~0.14.8 || ^15.0.0',
21 silly publish      'react-dom': '~0.14.8 || ^15.0.0' },
21 silly publish   dependencies: { react: '^15.5.4', 'react-cookie': '^1.0.5' },
21 silly publish   devDependencies:
21 silly publish    { 'babel-eslint': '^7.2.2',
21 silly publish      'babel-jest': '^19.0.0',
21 silly publish      'babel-loader': '^7.0.0',
21 silly publish      'babel-preset-es2015': '^6.24.1',
21 silly publish      'babel-preset-react': '^6.24.1',
21 silly publish      chai: '^3.5.0',
21 silly publish      'clean-webpack-plugin': '^0.1.16',
21 silly publish      'css-loader': '^0.28.0',
21 silly publish      enzyme: '^2.8.2',
21 silly publish      eslint: '^3.19.0',
21 silly publish      'eslint-plugin-react': '^6.10.3',
21 silly publish      jest: '^19.0.2',
21 silly publish      'react-addons-test-utils': '^15.5.1',
21 silly publish      'react-dom': '^15.5.4',
21 silly publish      'react-hot-loader': 'next',
21 silly publish      'react-test-renderer': '^15.5.4',
21 silly publish      'style-loader': '^0.16.1',
21 silly publish      webpack: '^2.4.1',
21 silly publish      'webpack-dev-server': '^2.4.5' },
21 silly publish   jest:
21 silly publish    { modulePaths: [ './src' ],
21 silly publish      moduleFileExtensions: [ 'js', 'jsx' ],
21 silly publish      transform:
21 silly publish       { '^.+\.(js|jsx)$': '<rootDir>/node_modules/babel-jest',
21 silly publish         '^.+\.css$': '<rootDir>/config/jest/cssTransform.js',
21 silly publish         '^(?!.*\.(js|jsx|css|json)$)': '<rootDir>/config/jest/fileTransform.js' },
21 silly publish      transformIgnorePatterns: [ '[/\\\\]node_modules[/\\\\].+\\.(js|jsx)$' ] },
21 silly publish   keywords: [ 'react-component', 'react', 'pricing', 'table' ],
21 silly publish   readme: '# React Pricing Table\n\nFast, flexible, simple pricing tables in React ([Demo](https://))\n\n## Installation\n\nThe package can be installed via NPM:\n\n```\nnpm install react-pricing-table --save\n```\n\nYou’ll need to install React separately since those dependencies aren’t included in the package. Below is a simple example on how to use the PricingTable in a React view. You will also need to require the css file from this package (or provide your own). The example below shows how to include the css from this package if your build system supports requiring css files (webpack is one that does).\n\n```js\nimport React from \'react\';\nimport PricingTable from \'react-pricing-table\';\n\nclass Example extends React.Component {\n\n  render() {\n    return <PricingTable/>;\n  }\n}\n```\n\n## Configuration\n\nThe most basic use of the PricingTable can be described with:\n\n```js\n<PricingTable/>\n```\n\n## Compatibility\n\n### React\n\nWe\'re always trying to stay compatible with the latest version of React. We can\'t support all older versions of React, since React is still < 1.0 and introducing breaking changes every release.\n\nLatest compatible versions:\n- React 0.14 or newer:\n- React 0.13:\n- pre React 0.13:\n\n### Browser Support\n\nThe react pricing table is compatible with the latest versions of Chrome, Firefox, and IE10+.\n\nUnfortunately it is difficult to support legacy browsers while maintaining our ability to develop new features in the future.  For IE9 support, it is known that the [classlist polyfill](https://www.npmjs.com/package/classlist-polyfill) is needed, but this may change or break at any point in the future.\n\n## Local Development\n\nThe `master` branch contains the latest version of the PricingTable component. To start your example app, you can run `yarn start`. This starts a simple webserver on http://localhost:8080.\n\nYou can run `yarn test` to execute the test suite and linters. To help you develop the component we’ve set up some tests that covers the basic functionality (can be found in  `/tests`). Even though we’re big fans of testing, this only covers a small piece of the component. We highly recommend you add tests when you’re adding new functionality.\n\n### The examples\nThe examples are hosted within the docs folder and are ran in the simple add that loads the PricingTable. To extend the examples with a new example, you can simply duplicate one of the existing examples and change the unique properties of your example.\n\n\n## License\n\nCopyright (c) 2016 Gergely Nagy and individual contributors. Licensed under MIT license, see [LICENSE](LICENSE) for the full license.\n',
21 silly publish   readmeFilename: 'README.md',
21 silly publish   gitHead: '9ec5b11e47387b9b58761c634af1ec8870f4c168',
21 silly publish   _id: 'react-pricing-table@0.0.1',
21 silly publish   _shasum: '822fb29d5c12496f8d9caaec8fa82f316c51a502',
21 silly publish   _from: '.' }
22 verbose getPublishConfig undefined
23 silly mapToRegistry name react-pricing-table
24 silly mapToRegistry using default registry
25 silly mapToRegistry registry https://registry.npmjs.org/
26 silly mapToRegistry data Result {
26 silly mapToRegistry   raw: 'react-pricing-table',
26 silly mapToRegistry   scope: null,
26 silly mapToRegistry   escapedName: 'react-pricing-table',
26 silly mapToRegistry   name: 'react-pricing-table',
26 silly mapToRegistry   rawSpec: '',
26 silly mapToRegistry   spec: 'latest',
26 silly mapToRegistry   type: 'tag' }
27 silly mapToRegistry uri https://registry.npmjs.org/react-pricing-table
28 verbose publish registryBase https://registry.npmjs.org/
29 silly publish uploading /home/gergi30/.npm/react-pricing-table/0.0.1/package.tgz
30 verbose request uri https://registry.npmjs.org/react-pricing-table
31 verbose request sending authorization for write operation
32 info attempt registry request try #1 at 20:42:44
33 verbose request using bearer token for auth
34 verbose request id ca23243b01dfa1bc
35 http request PUT https://registry.npmjs.org/react-pricing-table
36 http 403 https://registry.npmjs.org/react-pricing-table
37 verbose headers { 'content-type': 'application/json',
37 verbose headers   'cache-control': 'max-age=300',
37 verbose headers   'content-length': '95',
37 verbose headers   'accept-ranges': 'bytes',
37 verbose headers   date: 'Thu, 25 May 2017 18:42:45 GMT',
37 verbose headers   via: '1.1 varnish',
37 verbose headers   connection: 'keep-alive',
37 verbose headers   'x-served-by': 'cache-hhn1533-HHN',
37 verbose headers   'x-cache': 'MISS',
37 verbose headers   'x-cache-hits': '0',
37 verbose headers   'x-timer': 'S1495737764.466324,VS0,VE1362',
37 verbose headers   vary: 'Accept-Encoding' }
38 verbose request invalidating /home/gergi30/.npm/registry.npmjs.org/react-pricing-table on PUT
39 error publish Failed PUT 403
40 verbose stack Error: "You cannot publish over the previously published version 0.0.1." : react-pricing-table
40 verbose stack     at makeError (/usr/lib/node_modules/npm/node_modules/npm-registry-client/lib/request.js:264:12)
40 verbose stack     at CachingRegistryClient.<anonymous> (/usr/lib/node_modules/npm/node_modules/npm-registry-client/lib/request.js:252:14)
40 verbose stack     at Request._callback (/usr/lib/node_modules/npm/node_modules/npm-registry-client/lib/request.js:172:14)
40 verbose stack     at Request.self.callback (/usr/lib/node_modules/npm/node_modules/request/request.js:200:22)
40 verbose stack     at emitTwo (events.js:106:13)
40 verbose stack     at Request.emit (events.js:191:7)
40 verbose stack     at Request.<anonymous> (/usr/lib/node_modules/npm/node_modules/request/request.js:1067:10)
40 verbose stack     at emitOne (events.js:101:20)
40 verbose stack     at Request.emit (events.js:188:7)
40 verbose stack     at IncomingMessage.<anonymous> (/usr/lib/node_modules/npm/node_modules/request/request.js:988:12)
41 verbose statusCode 403
42 verbose pkgid react-pricing-table
43 verbose cwd /home/gergi30/react-pricing-table
44 error Linux 4.7.6-040706-generic
45 error argv "/usr/bin/nodejs" "/usr/bin/npm" "publish"
46 error node v6.7.0
47 error npm  v3.10.3
48 error code E403
49 error "You cannot publish over the previously published version 0.0.1." : react-pricing-table
50 error If you need help, you may report this error at:
50 error     <https://github.com/npm/npm/issues>
51 verbose exit [ 1, true ]
